Arguments: 
  /usr/bin/node /usr/share/yarn/bin/yarn.js add typescript @babel/core @babel/cli @babel/plugin-proposal-class-properties @babel/present-typescript

PATH: 
  /usr/local/sbin:/usr/local/bin:/usr/sbin:/usr/bin:/sbin:/bin:/usr/games:/usr/local/games:/snap/bin:/home/utkarsh/.yarn/bin

Yarn version: 
  1.22.4

Node version: 
  12.16.3

Platform: 
  linux x64

Trace: 
  Error: https://registry.yarnpkg.com/@babel%2fpresent-typescript: Not found
      at Request.params.callback [as _callback] (/usr/share/yarn/lib/cli.js:66987:18)
      at Request.self.callback (/usr/share/yarn/lib/cli.js:140748:22)
      at Request.emit (events.js:310:20)
      at Request.<anonymous> (/usr/share/yarn/lib/cli.js:141720:10)
      at Request.emit (events.js:310:20)
      at IncomingMessage.<anonymous> (/usr/share/yarn/lib/cli.js:141642:12)
      at Object.onceWrapper (events.js:416:28)
      at IncomingMessage.emit (events.js:322:22)
      at endReadableNT (_stream_readable.js:1187:12)
      at processTicksAndRejections (internal/process/task_queues.js:84:21)

npm manifest: 
  {
    "name": "puffer",
    "version": "1.0.0",
    "description": "Puffer is a reactive JS library.",
    "main": "index.js",
    "author": "Utkarsh Dubey",
    "license": "MIT",
    "private": null
  }

yarn manifest: 
  No manifest

Lockfile: 
  No lockfile
